c:\users\takag\onedrive\デスクトップ\3nen\gm\000_就職作品プレゼンテーション_資料\gm31_20230704_ - コピー\x64\release\gm31_0418.pch
c:\users\takag\onedrive\デスクトップ\3nen\gm\000_就職作品プレゼンテーション_資料\gm31_20230704_ - コピー\x64\release\vc143.pdb
c:\users\takag\onedrive\デスクトップ\3nen\gm\000_就職作品プレゼンテーション_資料\gm31_20230704_ - コピー\x64\release\pch.obj
c:\users\takag\onedrive\デスクトップ\3nen\gm\000_就職作品プレゼンテーション_資料\gm31_20230704_ - コピー\x64\release\box.obj
c:\users\takag\onedrive\デスクトップ\3nen\gm\000_就職作品プレゼンテーション_資料\gm31_20230704_ - コピー\x64\release\field.obj
c:\users\takag\onedrive\デスクトップ\3nen\gm\000_就職作品プレゼンテーション_資料\gm31_20230704_ - コピー\x64\release\gameover.obj
c:\users\takag\onedrive\デスクトップ\3nen\gm\000_就職作品プレゼンテーション_資料\gm31_20230704_ - コピー\x64\release\input.obj
c:\users\takag\onedrive\デスクトップ\3nen\gm\000_就職作品プレゼンテーション_資料\gm31_20230704_ - コピー\x64\release\main.obj
c:\users\takag\onedrive\デスクトップ\3nen\gm\000_就職作品プレゼンテーション_資料\gm31_20230704_ - コピー\x64\release\renderer.obj
c:\users\takag\onedrive\デスクトップ\3nen\gm\000_就職作品プレゼンテーション_資料\gm31_20230704_ - コピー\x64\release\resultlogo.obj
c:\users\takag\onedrive\デスクトップ\3nen\gm\000_就職作品プレゼンテーション_資料\gm31_20230704_ - コピー\x64\release\sky.obj
c:\users\takag\onedrive\デスクトップ\3nen\gm\000_就職作品プレゼンテーション_資料\gm31_20230704_ - コピー\x64\release\camera.obj
c:\users\takag\onedrive\デスクトップ\3nen\gm\000_就職作品プレゼンテーション_資料\gm31_20230704_ - コピー\x64\release\model.obj
c:\users\takag\onedrive\デスクトップ\3nen\gm\000_就職作品プレゼンテーション_資料\gm31_20230704_ - コピー\x64\release\select.obj
c:\users\takag\onedrive\デスクトップ\3nen\gm\000_就職作品プレゼンテーション_資料\gm31_20230704_ - コピー\x64\release\explosion.obj
c:\users\takag\onedrive\デスクトップ\3nen\gm\000_就職作品プレゼンテーション_資料\gm31_20230704_ - コピー\x64\release\game02.obj
c:\users\takag\onedrive\デスクトップ\3nen\gm\000_就職作品プレゼンテーション_資料\gm31_20230704_ - コピー\x64\release\enemya.obj
c:\users\takag\onedrive\デスクトップ\3nen\gm\000_就職作品プレゼンテーション_資料\gm31_20230704_ - コピー\x64\release\polygon2d.obj
c:\users\takag\onedrive\デスクトップ\3nen\gm\000_就職作品プレゼンテーション_資料\gm31_20230704_ - コピー\x64\release\result.obj
c:\users\takag\onedrive\デスクトップ\3nen\gm\000_就職作品プレゼンテーション_資料\gm31_20230704_ - コピー\x64\release\animationmodel.obj
c:\users\takag\onedrive\デスクトップ\3nen\gm\000_就職作品プレゼンテーション_資料\gm31_20230704_ - コピー\x64\release\child.obj
c:\users\takag\onedrive\デスクトップ\3nen\gm\000_就職作品プレゼンテーション_資料\gm31_20230704_ - コピー\x64\release\fade.obj
c:\users\takag\onedrive\デスクトップ\3nen\gm\000_就職作品プレゼンテーション_資料\gm31_20230704_ - コピー\x64\release\game01.obj
c:\users\takag\onedrive\デスクトップ\3nen\gm\000_就職作品プレゼンテーション_資料\gm31_20230704_ - コピー\x64\release\death.obj
c:\users\takag\onedrive\デスクトップ\3nen\gm\000_就職作品プレゼンテーション_資料\gm31_20230704_ - コピー\x64\release\manager.obj
c:\users\takag\onedrive\デスクトップ\3nen\gm\000_就職作品プレゼンテーション_資料\gm31_20230704_ - コピー\x64\release\titlelogo.obj
c:\users\takag\onedrive\デスクトップ\3nen\gm\000_就職作品プレゼンテーション_資料\gm31_20230704_ - コピー\x64\release\distance.obj
c:\users\takag\onedrive\デスクトップ\3nen\gm\000_就職作品プレゼンテーション_資料\gm31_20230704_ - コピー\x64\release\player.obj
c:\users\takag\onedrive\デスクトップ\3nen\gm\000_就職作品プレゼンテーション_資料\gm31_20230704_ - コピー\x64\release\audio.obj
c:\users\takag\onedrive\デスクトップ\3nen\gm\000_就職作品プレゼンテーション_資料\gm31_20230704_ - コピー\x64\release\gameoverlogo.obj
c:\users\takag\onedrive\デスクトップ\3nen\gm\000_就職作品プレゼンテーション_資料\gm31_20230704_ - コピー\x64\release\goal.obj
c:\users\takag\onedrive\デスクトップ\3nen\gm\000_就職作品プレゼンテーション_資料\gm31_20230704_ - コピー\x64\release\enemy.obj
c:\users\takag\onedrive\デスクトップ\3nen\gm\000_就職作品プレゼンテーション_資料\gm31_20230704_ - コピー\x64\release\meshfield.obj
c:\users\takag\onedrive\デスクトップ\3nen\gm\000_就職作品プレゼンテーション_資料\gm31_20230704_ - コピー\x64\release\shadow.obj
c:\users\takag\onedrive\デスクトップ\3nen\gm\000_就職作品プレゼンテーション_資料\gm31_20230704_ - コピー\x64\release\cylinder.obj
c:\users\takag\onedrive\デスクトップ\3nen\gm\000_就職作品プレゼンテーション_資料\gm31_20230704_ - コピー\x64\release\game.obj
c:\users\takag\onedrive\デスクトップ\3nen\gm\000_就職作品プレゼンテーション_資料\gm31_20230704_ - コピー\x64\release\title.obj
c:\users\takag\onedrive\デスクトップ\3nen\gm\000_就職作品プレゼンテーション_資料\gm31_20230704_ - コピー\x64\release\enemyb.obj
c:\users\takag\onedrive\デスクトップ\3nen\gm\000_就職作品プレゼンテーション_資料\gm31_20230704_ - コピー\x64\release\rock.obj
c:\users\takag\onedrive\デスクトップ\3nen\gm\000_就職作品プレゼンテーション_資料\gm31_20230704_ - コピー\x64\release\score.obj
c:\users\takag\onedrive\デスクトップ\3nen\gm\000_就職作品プレゼンテーション_資料\gm31_20230704_ - コピー\x64\release\sprite.obj
c:\users\takag\onedrive\デスクトップ\3nen\gm\000_就職作品プレゼンテーション_資料\gm31_20230704_ - コピー\shader\unlittextureps.cso
c:\users\takag\onedrive\デスクトップ\3nen\gm\000_就職作品プレゼンテーション_資料\gm31_20230704_ - コピー\shader\unlittexturevs.cso
c:\users\takag\onedrive\デスクトップ\3nen\gm\000_就職作品プレゼンテーション_資料\gm31_20230704_ - コピー\shader\vertexlightingps.cso
c:\users\takag\onedrive\デスクトップ\3nen\gm\000_就職作品プレゼンテーション_資料\gm31_20230704_ - コピー\shader\vertexlightingvs.cso
c:\users\takag\onedrive\デスクトップ\3nen\gm\000_就職作品プレゼンテーション_資料\gm31_20230704_ - コピー\x64\release\gm31_0418.exe
c:\users\takag\onedrive\デスクトップ\3nen\gm\000_就職作品プレゼンテーション_資料\gm31_20230704_ - コピー\x64\release\gm31_0418.pdb
c:\users\takag\onedrive\デスクトップ\3nen\gm\000_就職作品プレゼンテーション_資料\gm31_20230704_ - コピー\x64\release\gm31_0418.tlog\cl.command.1.tlog
c:\users\takag\onedrive\デスクトップ\3nen\gm\000_就職作品プレゼンテーション_資料\gm31_20230704_ - コピー\x64\release\gm31_0418.tlog\cl.items.tlog
c:\users\takag\onedrive\デスクトップ\3nen\gm\000_就職作品プレゼンテーション_資料\gm31_20230704_ - コピー\x64\release\gm31_0418.tlog\cl.read.1.tlog
c:\users\takag\onedrive\デスクトップ\3nen\gm\000_就職作品プレゼンテーション_資料\gm31_20230704_ - コピー\x64\release\gm31_0418.tlog\cl.write.1.tlog
c:\users\takag\onedrive\デスクトップ\3nen\gm\000_就職作品プレゼンテーション_資料\gm31_20230704_ - コピー\x64\release\gm31_0418.tlog\fxc.command.1.tlog
c:\users\takag\onedrive\デスクトップ\3nen\gm\000_就職作品プレゼンテーション_資料\gm31_20230704_ - コピー\x64\release\gm31_0418.tlog\fxc.read.1.tlog
c:\users\takag\onedrive\デスクトップ\3nen\gm\000_就職作品プレゼンテーション_資料\gm31_20230704_ - コピー\x64\release\gm31_0418.tlog\fxc.write.1.tlog
c:\users\takag\onedrive\デスクトップ\3nen\gm\000_就職作品プレゼンテーション_資料\gm31_20230704_ - コピー\x64\release\gm31_0418.tlog\link.command.1.tlog
c:\users\takag\onedrive\デスクトップ\3nen\gm\000_就職作品プレゼンテーション_資料\gm31_20230704_ - コピー\x64\release\gm31_0418.tlog\link.read.1.tlog
c:\users\takag\onedrive\デスクトップ\3nen\gm\000_就職作品プレゼンテーション_資料\gm31_20230704_ - コピー\x64\release\gm31_0418.tlog\link.write.1.tlog
